<?xml version="1.0" encoding="UTF-8"?>
<testsuite name="Pratica04.CI.Gradle_Git.LibraryTest" tests="1" skipped="0" failures="0" errors="0" timestamp="2021-08-06T02:43:46" hostname="865e4fa62cca" time="0.021">
  <properties/>
  <testcase name="testSomeLibraryMethod" classname="Pratica04.CI.Gradle_Git.LibraryTest" time="0.021"/>
  <system-out><![CDATA[]]></system-out>
  <system-err><![CDATA[]]></system-err>
</testsuite>
