<?xml version="1.0" encoding="UTF-8"?>
<testsuite name="Pratica04.CI.Gradle_Git.LibraryTest" tests="1" skipped="0" failures="0" errors="0" timestamp="2021-08-12T00:40:06" hostname="2f683a97ef2e" time="0.025">
  <properties/>
  <testcase name="testSomeLibraryMethod" classname="Pratica04.CI.Gradle_Git.LibraryTest" time="0.025"/>
  <system-out><![CDATA[]]></system-out>
  <system-err><![CDATA[]]></system-err>
</testsuite>
